<?xml version="1.0" encoding="UTF-8"?>
<!-- Generated by org.testng.reporters.JUnitReportReporter -->
<testsuite hostname="DESKTOP-EJS31UV" name="demo_Git.Demo" tests="1" failures="0" timestamp="10 Mar 2022 09:57:38 GMT" time="0.031" errors="0">
  <testcase name="demo" time="0.031" classname="demo_Git.Demo"/>
</testsuite> <!-- demo_Git.Demo -->
